Temp/gradleOut/launcher/build/intermediates/manifest_merge_blame_file/release/manifest-merger-blame-release-report.txt
1<?xml version="1.0" encoding="utf-8"?>
2<!-- GENERATED BY UNITY. REMOVE THIS COMMENT TO PREVENT OVERWRITING WHEN EXPORTING AGAIN -->
3<manifest xmlns:android="http://schemas.android.com/apk/res/android"
4    package="com.SerendipiaGames.DarkGalaxy"
5    android:installLocation="preferExternal"
6    android:versionCode="15"
7    android:versionName="1.1.3" >
8
9    <uses-sdk
10        android:minSdkVersion="25"
10-->src\main\AndroidManifest.xml
11        android:targetSdkVersion="29" />
11-->src\main\AndroidManifest.xml
12
13    <supports-screens
13-->src\main\AndroidManifest.xml:4:3-163
14        android:anyDensity="true"
14-->src\main\AndroidManifest.xml:4:135-160
15        android:largeScreens="true"
15-->src\main\AndroidManifest.xml:4:78-105
16        android:normalScreens="true"
16-->src\main\AndroidManifest.xml:4:49-77
17        android:smallScreens="true"
17-->src\main\AndroidManifest.xml:4:21-48
18        android:xlargeScreens="true" />
18-->src\main\AndroidManifest.xml:4:106-134
19
20    <uses-feature android:glEsVersion="0x00020000" />
20-->[:unityLibrary] AndroidManifest.xml:13:5-54
20-->[:unityLibrary] AndroidManifest.xml:13:19-51
21
22    <uses-permission android:name="android.permission.INTERNET" />
22-->[:unityLibrary] AndroidManifest.xml:15:5-67
22-->[:unityLibrary] AndroidManifest.xml:15:22-64
23
24    <uses-feature
24-->[:unityLibrary] AndroidManifest.xml:17:5-19:36
25        android:name="android.hardware.touchscreen"
25-->[:unityLibrary] AndroidManifest.xml:18:9-52
26        android:required="false" />
26-->[:unityLibrary] AndroidManifest.xml:19:9-33
27    <uses-feature
27-->[:unityLibrary] AndroidManifest.xml:20:5-22:36
28        android:name="android.hardware.touchscreen.multitouch"
28-->[:unityLibrary] AndroidManifest.xml:21:9-63
29        android:required="false" />
29-->[:unityLibrary] AndroidManifest.xml:22:9-33
30    <uses-feature
30-->[:unityLibrary] AndroidManifest.xml:23:5-25:36
31        android:name="android.hardware.touchscreen.multitouch.distinct"
31-->[:unityLibrary] AndroidManifest.xml:24:9-72
32        android:required="false" />
32-->[:unityLibrary] AndroidManifest.xml:25:9-33
33
34    <uses-permission android:name="android.permission.WAKE_LOCK" />
34-->[:androidx.work.work-runtime-2.1.0:] AndroidManifest.xml:19:3-66
34-->[:androidx.work.work-runtime-2.1.0:] AndroidManifest.xml:19:20-63
35    <uses-permission android:name="android.permission.ACCESS_NETWORK_STATE" />
35-->[:androidx.work.work-runtime-2.1.0:] AndroidManifest.xml:20:3-77
35-->[:androidx.work.work-runtime-2.1.0:] AndroidManifest.xml:20:20-74
36    <uses-permission android:name="android.permission.RECEIVE_BOOT_COMPLETED" />
36-->[:androidx.work.work-runtime-2.1.0:] AndroidManifest.xml:21:3-79
36-->[:androidx.work.work-runtime-2.1.0:] AndroidManifest.xml:21:20-76
37    <uses-permission android:name="com.android.vending.BILLING" />
37-->[:billing-3.0.1:] AndroidManifest.xml:10:5-67
37-->[:billing-3.0.1:] AndroidManifest.xml:10:22-64
38    <uses-permission android:name="com.google.android.finsky.permission.BIND_GET_INSTALL_REFERRER_SERVICE" /> <!-- Optionally used by InMobi -->
38-->[:com.android.installreferrer.installreferrer-1.1.2:] AndroidManifest.xml:9:5-110
38-->[:com.android.installreferrer.installreferrer-1.1.2:] AndroidManifest.xml:9:22-107
39    <uses-permission android:name="android.permission.ACCESS_WIFI_STATE" />
39-->[:com.applovin.mediation.inmobi-adapter-9.1.1.4:] AndroidManifest.xml:16:5-76
39-->[:com.applovin.mediation.inmobi-adapter-9.1.1.4:] AndroidManifest.xml:16:22-73
40
41    <queries>
41-->[:com.bytedance.sdk.pangle-sdk-3.4.1.1:] AndroidManifest.xml:11:5-19:15
42        <intent>
42-->[:com.bytedance.sdk.pangle-sdk-3.4.1.1:] AndroidManifest.xml:12:9-18:18
43            <action android:name="android.intent.action.VIEW" />
43-->[:com.bytedance.sdk.pangle-sdk-3.4.1.1:] AndroidManifest.xml:13:13-65
43-->[:com.bytedance.sdk.pangle-sdk-3.4.1.1:] AndroidManifest.xml:13:21-62
44
45            <category android:name="android.intent.category.BROWSABLE" />
45-->[:com.bytedance.sdk.pangle-sdk-3.4.1.1:] AndroidManifest.xml:15:13-74
45-->[:com.bytedance.sdk.pangle-sdk-3.4.1.1:] AndroidManifest.xml:15:23-71
46
47            <data android:scheme="https" />
47-->[:com.bytedance.sdk.pangle-sdk-3.4.1.1:] AndroidManifest.xml:17:13-44
47-->[:com.bytedance.sdk.pangle-sdk-3.4.1.1:] AndroidManifest.xml:17:19-41
48        </intent>
49        <!-- For browser content -->
50        <intent>
50-->[:com.bytedance.sdk.pangle-sdk-3.4.1.1:] AndroidManifest.xml:12:9-18:18
51            <action android:name="android.intent.action.VIEW" />
51-->[:com.bytedance.sdk.pangle-sdk-3.4.1.1:] AndroidManifest.xml:13:13-65
51-->[:com.bytedance.sdk.pangle-sdk-3.4.1.1:] AndroidManifest.xml:13:21-62
52
53            <category android:name="android.intent.category.BROWSABLE" />
53-->[:com.bytedance.sdk.pangle-sdk-3.4.1.1:] AndroidManifest.xml:15:13-74
53-->[:com.bytedance.sdk.pangle-sdk-3.4.1.1:] AndroidManifest.xml:15:23-71
54
55            <data android:scheme="https" />
55-->[:com.bytedance.sdk.pangle-sdk-3.4.1.1:] AndroidManifest.xml:17:13-44
55-->[:com.bytedance.sdk.pangle-sdk-3.4.1.1:] AndroidManifest.xml:17:19-41
56        </intent> <!-- End of browser content -->
57        <!-- For CustomTabsService -->
58        <intent>
58-->[:com.bytedance.sdk.pangle-sdk-3.4.1.1:] AndroidManifest.xml:12:9-18:18
59            <action android:name="android.support.customtabs.action.CustomTabsService" />
60        </intent>
61        <intent>
61-->[:com.bytedance.sdk.pangle-sdk-3.4.1.1:] AndroidManifest.xml:12:9-18:18
62            <action android:name="android.support.customtabs.action.CustomTabsService" />
63        </intent>
64        <intent>
64-->[:com.bytedance.sdk.pangle-sdk-3.4.1.1:] AndroidManifest.xml:12:9-18:18
65            <action android:name="android.intent.action.VIEW" />
65-->[:com.bytedance.sdk.pangle-sdk-3.4.1.1:] AndroidManifest.xml:13:13-65
65-->[:com.bytedance.sdk.pangle-sdk-3.4.1.1:] AndroidManifest.xml:13:21-62
66
67            <category android:name="android.intent.category.BROWSABLE" />
67-->[:com.bytedance.sdk.pangle-sdk-3.4.1.1:] AndroidManifest.xml:15:13-74
67-->[:com.bytedance.sdk.pangle-sdk-3.4.1.1:] AndroidManifest.xml:15:23-71
68
69            <data android:scheme="https" />
69-->[:com.bytedance.sdk.pangle-sdk-3.4.1.1:] AndroidManifest.xml:17:13-44
69-->[:com.bytedance.sdk.pangle-sdk-3.4.1.1:] AndroidManifest.xml:17:19-41
70        </intent>
71        <intent>
71-->[:com.bytedance.sdk.pangle-sdk-3.4.1.1:] AndroidManifest.xml:12:9-18:18
72            <action android:name="android.intent.action.VIEW" />
72-->[:com.bytedance.sdk.pangle-sdk-3.4.1.1:] AndroidManifest.xml:13:13-65
72-->[:com.bytedance.sdk.pangle-sdk-3.4.1.1:] AndroidManifest.xml:13:21-62
73
74            <category android:name="android.intent.category.BROWSABLE" />
74-->[:com.bytedance.sdk.pangle-sdk-3.4.1.1:] AndroidManifest.xml:15:13-74
74-->[:com.bytedance.sdk.pangle-sdk-3.4.1.1:] AndroidManifest.xml:15:23-71
75
76            <data android:scheme="http" />
76-->[:com.bytedance.sdk.pangle-sdk-3.4.1.1:] AndroidManifest.xml:17:13-44
76-->[:com.bytedance.sdk.pangle-sdk-3.4.1.1:] AndroidManifest.xml:17:19-41
77        </intent>
78        <intent>
78-->[:com.bytedance.sdk.pangle-sdk-3.4.1.1:] AndroidManifest.xml:12:9-18:18
79            <action android:name="android.support.customtabs.action.CustomTabsService" />
80        </intent>
81        <intent>
81-->[:com.bytedance.sdk.pangle-sdk-3.4.1.1:] AndroidManifest.xml:12:9-18:18
82            <action android:name="android.intent.action.VIEW" />
82-->[:com.bytedance.sdk.pangle-sdk-3.4.1.1:] AndroidManifest.xml:13:13-65
82-->[:com.bytedance.sdk.pangle-sdk-3.4.1.1:] AndroidManifest.xml:13:21-62
83
84            <category android:name="android.intent.category.BROWSABLE" />
84-->[:com.bytedance.sdk.pangle-sdk-3.4.1.1:] AndroidManifest.xml:15:13-74
84-->[:com.bytedance.sdk.pangle-sdk-3.4.1.1:] AndroidManifest.xml:15:23-71
85
86            <data android:scheme="https" />
86-->[:com.bytedance.sdk.pangle-sdk-3.4.1.1:] AndroidManifest.xml:17:13-44
86-->[:com.bytedance.sdk.pangle-sdk-3.4.1.1:] AndroidManifest.xml:17:19-41
87        </intent>
88        <intent>
88-->[:com.bytedance.sdk.pangle-sdk-3.4.1.1:] AndroidManifest.xml:12:9-18:18
89            <action android:name="android.intent.action.VIEW" />
89-->[:com.bytedance.sdk.pangle-sdk-3.4.1.1:] AndroidManifest.xml:13:13-65
89-->[:com.bytedance.sdk.pangle-sdk-3.4.1.1:] AndroidManifest.xml:13:21-62
90
91            <category android:name="android.intent.category.BROWSABLE" />
91-->[:com.bytedance.sdk.pangle-sdk-3.4.1.1:] AndroidManifest.xml:15:13-74
91-->[:com.bytedance.sdk.pangle-sdk-3.4.1.1:] AndroidManifest.xml:15:23-71
92
93            <data android:scheme="http" />
93-->[:com.bytedance.sdk.pangle-sdk-3.4.1.1:] AndroidManifest.xml:17:13-44
93-->[:com.bytedance.sdk.pangle-sdk-3.4.1.1:] AndroidManifest.xml:17:19-41
94        </intent>
95
96        <package android:name="com.android.chrome" />
96-->[:com.ironsource.adapters.mytargetadapter-4.1.5:] AndroidManifest.xml:15:9-54
96-->[:com.ironsource.adapters.mytargetadapter-4.1.5:] AndroidManifest.xml:15:18-51
97    </queries>
98
99    <uses-permission
99-->[:com.vungle.publisher-sdk-android-6.9.1:] AndroidManifest.xml:6:3-106
100        android:name="android.permission.WRITE_EXTERNAL_STORAGE"
100-->[:com.vungle.publisher-sdk-android-6.9.1:] AndroidManifest.xml:6:20-76
101        android:maxSdkVersion="18" />
101-->[:com.vungle.publisher-sdk-android-6.9.1:] AndroidManifest.xml:6:77-103
102    <uses-permission android:name="android.permission.CHANGE_NETWORK_STATE" />
102-->[:com.yodo1.mas.mediation.facebook-4.0.5:] AndroidManifest.xml:13:5-79
102-->[:com.yodo1.mas.mediation.facebook-4.0.5:] AndroidManifest.xml:13:22-76
103    <uses-permission android:name="android.permission.CHANGE_WIFI_STATE" />
103-->[:com.yodo1.mas.mediation.inmobi-4.0.5:] AndroidManifest.xml:12:5-76
103-->[:com.yodo1.mas.mediation.inmobi-4.0.5:] AndroidManifest.xml:12:22-73
104
105    <application
105-->src\main\AndroidManifest.xml:5:3-8:17
106        android:allowBackup="true"
106-->[:com.yodo1.common.collection-1.1.2:] AndroidManifest.xml:12:9-35
107        android:appComponentFactory="androidx.core.app.CoreComponentFactory"
107-->[:androidx.core.core-1.3.2:] AndroidManifest.xml:24:18-86
108        android:banner="@drawable/app_banner"
108-->src\main\AndroidManifest.xml:5:114-151
109        android:extractNativeLibs="true"
109-->src\main\AndroidManifest.xml:5:16-48
110        android:fullBackupContent="@xml/vungle_backup_rule"
110-->[:com.vungle.publisher-sdk-android-6.9.1:] AndroidManifest.xml:8:16-67
111        android:hardwareAccelerated="true"
111-->[:com.vungle.publisher-sdk-android-6.9.1:] AndroidManifest.xml:8:68-102
112        android:icon="@mipmap/app_icon"
112-->src\main\AndroidManifest.xml:5:82-113
113        android:isGame="true"
113-->[:unityLibrary] AndroidManifest.xml:27:18-39
114        android:label="@string/app_name"
114-->src\main\AndroidManifest.xml:5:49-81
115        android:roundIcon="@mipmap/app_icon_round"
115-->src\main\AndroidManifest.xml:5:152-194
116        android:supportsRtl="true" >
116-->[:com.ironsource.sdk.mediationsdk-7.1.0.2:] AndroidManifest.xml:6:49-75
117        <meta-data
117-->src\main\AndroidManifest.xml:6:5-130
118            android:name="com.google.android.gms.ads.APPLICATION_ID"
118-->src\main\AndroidManifest.xml:6:16-72
119            android:value="ca-app-pub-5784311004955543~4096249769" />
119-->src\main\AndroidManifest.xml:6:73-127
120        <meta-data
120-->src\main\AndroidManifest.xml:7:5-107
121            android:name="Yodo1ChannelCode"
121-->src\main\AndroidManifest.xml:7:16-47
122            android:value="GooglePlay" />
122-->src\main\AndroidManifest.xml:7:48-74
123
124        <activity
124-->[:unityLibrary] AndroidManifest.xml:28:9-48:20
125            android:name="com.unity3d.player.UnityPlayerActivity"
125-->[:unityLibrary] AndroidManifest.xml:29:13-66
126            android:configChanges="mcc|mnc|locale|touchscreen|keyboard|keyboardHidden|navigation|orientation|screenLayout|uiMode|screenSize|smallestScreenSize|fontScale|layoutDirection|density"
126-->[:unityLibrary] AndroidManifest.xml:30:13-194
127            android:hardwareAccelerated="false"
127-->[:unityLibrary] AndroidManifest.xml:31:13-48
128            android:launchMode="singleTask"
128-->[:unityLibrary] AndroidManifest.xml:32:13-44
129            android:screenOrientation="portrait"
129-->[:unityLibrary] AndroidManifest.xml:33:13-49
130            android:theme="@style/UnityThemeSelector" >
130-->[:unityLibrary] AndroidManifest.xml:34:13-54
131            <intent-filter>
131-->[:unityLibrary] AndroidManifest.xml:35:13-40:29
132                <action android:name="android.intent.action.MAIN" />
132-->[:unityLibrary] AndroidManifest.xml:36:17-69
132-->[:unityLibrary] AndroidManifest.xml:36:25-66
133
134                <category android:name="android.intent.category.LAUNCHER" />
134-->[:unityLibrary] AndroidManifest.xml:38:17-77
134-->[:unityLibrary] AndroidManifest.xml:38:27-74
135                <category android:name="android.intent.category.LEANBACK_LAUNCHER" />
135-->[:unityLibrary] AndroidManifest.xml:39:17-86
135-->[:unityLibrary] AndroidManifest.xml:39:27-83
136            </intent-filter>
137
138            <meta-data
138-->[:unityLibrary] AndroidManifest.xml:42:13-44:40
139                android:name="unityplayer.UnityActivity"
139-->[:unityLibrary] AndroidManifest.xml:43:17-57
140                android:value="true" />
140-->[:unityLibrary] AndroidManifest.xml:44:17-37
141            <meta-data
141-->[:unityLibrary] AndroidManifest.xml:45:13-47:40
142                android:name="android.notch_support"
142-->[:unityLibrary] AndroidManifest.xml:46:17-53
143                android:value="true" />
143-->[:unityLibrary] AndroidManifest.xml:47:17-37
144        </activity>
145
146        <meta-data
146-->[:unityLibrary] AndroidManifest.xml:50:9-52:33
147            android:name="unity.splash-mode"
147-->[:unityLibrary] AndroidManifest.xml:51:13-45
148            android:value="0" />
148-->[:unityLibrary] AndroidManifest.xml:52:13-30
149        <meta-data
149-->[:unityLibrary] AndroidManifest.xml:53:9-55:36
150            android:name="unity.splash-enable"
150-->[:unityLibrary] AndroidManifest.xml:54:13-47
151            android:value="True" />
151-->[:unityLibrary] AndroidManifest.xml:55:13-33
152        <meta-data
152-->[:unityLibrary] AndroidManifest.xml:56:9-58:50
153            android:name="notch.config"
153-->[:unityLibrary] AndroidManifest.xml:57:13-40
154            android:value="portrait|landscape" />
154-->[:unityLibrary] AndroidManifest.xml:58:13-47
155        <meta-data
155-->[:unityLibrary] AndroidManifest.xml:59:9-61:68
156            android:name="unity.build-id"
156-->[:unityLibrary] AndroidManifest.xml:60:13-42
157            android:value="42279e8b-6306-4bee-8c22-a04d0c31ea4c" />
157-->[:unityLibrary] AndroidManifest.xml:61:13-65
158
159        <receiver
159-->[:unityLibrary] AndroidManifest.xml:63:9-65:39
160            android:name="com.unity.androidnotifications.UnityNotificationManager"
160-->[:unityLibrary] AndroidManifest.xml:64:13-83
161            android:exported="true" />
161-->[:unityLibrary] AndroidManifest.xml:65:13-36
162        <receiver
162-->[:unityLibrary] AndroidManifest.xml:66:9-72:20
163            android:name="com.unity.androidnotifications.UnityNotificationRestartOnBootReceiver"
163-->[:unityLibrary] AndroidManifest.xml:67:13-97
164            android:enabled="false" >
164-->[:unityLibrary] AndroidManifest.xml:68:13-36
165            <intent-filter>
165-->[:unityLibrary] AndroidManifest.xml:69:13-71:29
166                <action android:name="android.intent.action.BOOT_COMPLETED" />
166-->[:unityLibrary] AndroidManifest.xml:70:17-79
166-->[:unityLibrary] AndroidManifest.xml:70:25-76
167            </intent-filter>
168        </receiver>
169
170        <provider
170-->[:androidx.lifecycle.lifecycle-process-2.2.0:] AndroidManifest.xml:20:5-208
171            android:name="androidx.lifecycle.ProcessLifecycleOwnerInitializer"
171-->[:androidx.lifecycle.lifecycle-process-2.2.0:] AndroidManifest.xml:20:15-81
172            android:authorities="com.SerendipiaGames.DarkGalaxy.lifecycle-process"
172-->[:androidx.lifecycle.lifecycle-process-2.2.0:] AndroidManifest.xml:20:82-152
173            android:exported="false"
173-->[:androidx.lifecycle.lifecycle-process-2.2.0:] AndroidManifest.xml:20:153-177
174            android:multiprocess="true" />
174-->[:androidx.lifecycle.lifecycle-process-2.2.0:] AndroidManifest.xml:20:178-205
175
176        <service
176-->[:androidx.room.room-runtime-2.1.0:] AndroidManifest.xml:25:9-27:40
177            android:name="androidx.room.MultiInstanceInvalidationService"
177-->[:androidx.room.room-runtime-2.1.0:] AndroidManifest.xml:26:13-74
178            android:exported="false" />
178-->[:androidx.room.room-runtime-2.1.0:] AndroidManifest.xml:27:13-37
179
180        <provider
180-->[:androidx.work.work-runtime-2.1.0:] AndroidManifest.xml:23:5-249
181            android:name="androidx.work.impl.WorkManagerInitializer"
181-->[:androidx.work.work-runtime-2.1.0:] AndroidManifest.xml:23:15-71
182            android:authorities="com.SerendipiaGames.DarkGalaxy.workmanager-init"
182-->[:androidx.work.work-runtime-2.1.0:] AndroidManifest.xml:23:72-141
183            android:directBootAware="false"
183-->[:androidx.work.work-runtime-2.1.0:] AndroidManifest.xml:23:142-173
184            android:exported="false"
184-->[:androidx.work.work-runtime-2.1.0:] AndroidManifest.xml:23:174-198
185            android:multiprocess="true" />
185-->[:androidx.work.work-runtime-2.1.0:] AndroidManifest.xml:23:199-226
186
187        <service
187-->[:androidx.work.work-runtime-2.1.0:] AndroidManifest.xml:24:5-229
188            android:name="androidx.work.impl.background.systemalarm.SystemAlarmService"
188-->[:androidx.work.work-runtime-2.1.0:] AndroidManifest.xml:24:14-89
189            android:directBootAware="false"
189-->[:androidx.work.work-runtime-2.1.0:] AndroidManifest.xml:24:90-121
190            android:enabled="@bool/enable_system_alarm_service_default"
190-->[:androidx.work.work-runtime-2.1.0:] AndroidManifest.xml:24:122-181
191            android:exported="false" />
191-->[:androidx.work.work-runtime-2.1.0:] AndroidManifest.xml:24:182-206
192        <service
192-->[:androidx.work.work-runtime-2.1.0:] AndroidManifest.xml:25:5-279
193            android:name="androidx.work.impl.background.systemjob.SystemJobService"
193-->[:androidx.work.work-runtime-2.1.0:] AndroidManifest.xml:25:14-85
194            android:directBootAware="false"
194-->[:androidx.work.work-runtime-2.1.0:] AndroidManifest.xml:25:86-117
195            android:enabled="@bool/enable_system_job_service_default"
195-->[:androidx.work.work-runtime-2.1.0:] AndroidManifest.xml:25:118-175
196            android:exported="true"
196-->[:androidx.work.work-runtime-2.1.0:] AndroidManifest.xml:25:176-199
197            android:permission="android.permission.BIND_JOB_SERVICE" />
197-->[:androidx.work.work-runtime-2.1.0:] AndroidManifest.xml:25:200-256
198
199        <receiver
199-->[:androidx.work.work-runtime-2.1.0:] AndroidManifest.xml:26:5-193
200            android:name="androidx.work.impl.utils.ForceStopRunnable$BroadcastReceiver"
200-->[:androidx.work.work-runtime-2.1.0:] AndroidManifest.xml:26:15-90
201            android:directBootAware="false"
201-->[:androidx.work.work-runtime-2.1.0:] AndroidManifest.xml:26:91-122
202            android:enabled="true"
202-->[:androidx.work.work-runtime-2.1.0:] AndroidManifest.xml:26:123-145
203            android:exported="false" />
203-->[:androidx.work.work-runtime-2.1.0:] AndroidManifest.xml:26:146-170
204        <receiver
204-->[:androidx.work.work-runtime-2.1.0:] AndroidManifest.xml:27:5-32:16
205            android:name="androidx.work.impl.background.systemalarm.ConstraintProxy$BatteryChargingProxy"
205-->[:androidx.work.work-runtime-2.1.0:] AndroidManifest.xml:27:15-108
206            android:directBootAware="false"
206-->[:androidx.work.work-runtime-2.1.0:] AndroidManifest.xml:27:109-140
207            android:enabled="false"
207-->[:androidx.work.work-runtime-2.1.0:] AndroidManifest.xml:27:141-164
208            android:exported="false" >
208-->[:androidx.work.work-runtime-2.1.0:] AndroidManifest.xml:27:165-189
209            <intent-filter>
209-->[:androidx.work.work-runtime-2.1.0:] AndroidManifest.xml:28:7-31:23
210                <action android:name="android.intent.action.ACTION_POWER_CONNECTED" />
210-->[:androidx.work.work-runtime-2.1.0:] AndroidManifest.xml:29:9-79
210-->[:androidx.work.work-runtime-2.1.0:] AndroidManifest.xml:29:17-76
211                <action android:name="android.intent.action.ACTION_POWER_DISCONNECTED" />
211-->[:androidx.work.work-runtime-2.1.0:] AndroidManifest.xml:30:9-82
211-->[:androidx.work.work-runtime-2.1.0:] AndroidManifest.xml:30:17-79
212            </intent-filter>
213        </receiver>
214        <receiver
214-->[:androidx.work.work-runtime-2.1.0:] AndroidManifest.xml:33:5-38:16
215            android:name="androidx.work.impl.background.systemalarm.ConstraintProxy$BatteryNotLowProxy"
215-->[:androidx.work.work-runtime-2.1.0:] AndroidManifest.xml:33:15-106
216            android:directBootAware="false"
216-->[:androidx.work.work-runtime-2.1.0:] AndroidManifest.xml:33:107-138
217            android:enabled="false"
217-->[:androidx.work.work-runtime-2.1.0:] AndroidManifest.xml:33:139-162
218            android:exported="false" >
218-->[:androidx.work.work-runtime-2.1.0:] AndroidManifest.xml:33:163-187
219            <intent-filter>
219-->[:androidx.work.work-runtime-2.1.0:] AndroidManifest.xml:34:7-37:23
220                <action android:name="android.intent.action.BATTERY_OKAY" />
220-->[:androidx.work.work-runtime-2.1.0:] AndroidManifest.xml:35:9-69
220-->[:androidx.work.work-runtime-2.1.0:] AndroidManifest.xml:35:17-66
221                <action android:name="android.intent.action.BATTERY_LOW" />
221-->[:androidx.work.work-runtime-2.1.0:] AndroidManifest.xml:36:9-68
221-->[:androidx.work.work-runtime-2.1.0:] AndroidManifest.xml:36:17-65
222            </intent-filter>
223        </receiver>
224        <receiver
224-->[:androidx.work.work-runtime-2.1.0:] AndroidManifest.xml:39:5-44:16
225            android:name="androidx.work.impl.background.systemalarm.ConstraintProxy$StorageNotLowProxy"
225-->[:androidx.work.work-runtime-2.1.0:] AndroidManifest.xml:39:15-106
226            android:directBootAware="false"
226-->[:androidx.work.work-runtime-2.1.0:] AndroidManifest.xml:39:107-138
227            android:enabled="false"
227-->[:androidx.work.work-runtime-2.1.0:] AndroidManifest.xml:39:139-162
228            android:exported="false" >
228-->[:androidx.work.work-runtime-2.1.0:] AndroidManifest.xml:39:163-187
229            <intent-filter>
229-->[:androidx.work.work-runtime-2.1.0:] AndroidManifest.xml:40:7-43:23
230                <action android:name="android.intent.action.DEVICE_STORAGE_LOW" />
230-->[:androidx.work.work-runtime-2.1.0:] AndroidManifest.xml:41:9-75
230-->[:androidx.work.work-runtime-2.1.0:] AndroidManifest.xml:41:17-72
231                <action android:name="android.intent.action.DEVICE_STORAGE_OK" />
231-->[:androidx.work.work-runtime-2.1.0:] AndroidManifest.xml:42:9-74
231-->[:androidx.work.work-runtime-2.1.0:] AndroidManifest.xml:42:17-71
232            </intent-filter>
233        </receiver>
234        <receiver
234-->[:androidx.work.work-runtime-2.1.0:] AndroidManifest.xml:45:5-49:16
235            android:name="androidx.work.impl.background.systemalarm.ConstraintProxy$NetworkStateProxy"
235-->[:androidx.work.work-runtime-2.1.0:] AndroidManifest.xml:45:15-105
236            android:directBootAware="false"
236-->[:androidx.work.work-runtime-2.1.0:] AndroidManifest.xml:45:106-137
237            android:enabled="false"
237-->[:androidx.work.work-runtime-2.1.0:] AndroidManifest.xml:45:138-161
238            android:exported="false" >
238-->[:androidx.work.work-runtime-2.1.0:] AndroidManifest.xml:45:162-186
239            <intent-filter>
239-->[:androidx.work.work-runtime-2.1.0:] AndroidManifest.xml:46:7-48:23
240                <action android:name="android.net.conn.CONNECTIVITY_CHANGE" />
240-->[:androidx.work.work-runtime-2.1.0:] AndroidManifest.xml:47:9-71
240-->[:androidx.work.work-runtime-2.1.0:] AndroidManifest.xml:47:17-68
241            </intent-filter>
242        </receiver>
243        <receiver
243-->[:androidx.work.work-runtime-2.1.0:] AndroidManifest.xml:50:5-56:16
244            android:name="androidx.work.impl.background.systemalarm.RescheduleReceiver"
244-->[:androidx.work.work-runtime-2.1.0:] AndroidManifest.xml:50:15-90
245            android:directBootAware="false"
245-->[:androidx.work.work-runtime-2.1.0:] AndroidManifest.xml:50:91-122
246            android:enabled="false"
246-->[:androidx.work.work-runtime-2.1.0:] AndroidManifest.xml:50:123-146
247            android:exported="false" >
247-->[:androidx.work.work-runtime-2.1.0:] AndroidManifest.xml:50:147-171
248            <intent-filter>
248-->[:androidx.work.work-runtime-2.1.0:] AndroidManifest.xml:51:7-55:23
249                <action android:name="android.intent.action.BOOT_COMPLETED" />
249-->[:unityLibrary] AndroidManifest.xml:70:17-79
249-->[:unityLibrary] AndroidManifest.xml:70:25-76
250                <action android:name="android.intent.action.TIME_SET" />
250-->[:androidx.work.work-runtime-2.1.0:] AndroidManifest.xml:53:9-65
250-->[:androidx.work.work-runtime-2.1.0:] AndroidManifest.xml:53:17-62
251                <action android:name="android.intent.action.TIMEZONE_CHANGED" />
251-->[:androidx.work.work-runtime-2.1.0:] AndroidManifest.xml:54:9-73
251-->[:androidx.work.work-runtime-2.1.0:] AndroidManifest.xml:54:17-70
252            </intent-filter>
253        </receiver>
254        <receiver
254-->[:androidx.work.work-runtime-2.1.0:] AndroidManifest.xml:57:5-61:16
255            android:name="androidx.work.impl.background.systemalarm.ConstraintProxyUpdateReceiver"
255-->[:androidx.work.work-runtime-2.1.0:] AndroidManifest.xml:57:15-101
256            android:directBootAware="false"
256-->[:androidx.work.work-runtime-2.1.0:] AndroidManifest.xml:57:102-133
257            android:enabled="@bool/enable_system_alarm_service_default"
257-->[:androidx.work.work-runtime-2.1.0:] AndroidManifest.xml:57:134-193
258            android:exported="false" >
258-->[:androidx.work.work-runtime-2.1.0:] AndroidManifest.xml:57:194-218
259            <intent-filter>
259-->[:androidx.work.work-runtime-2.1.0:] AndroidManifest.xml:58:7-60:23
260                <action android:name="androidx.work.impl.background.systemalarm.UpdateProxies" />
260-->[:androidx.work.work-runtime-2.1.0:] AndroidManifest.xml:59:9-90
260-->[:androidx.work.work-runtime-2.1.0:] AndroidManifest.xml:59:17-87
261            </intent-filter>
262        </receiver>
263
264        <meta-data
264-->[:billing-3.0.1:] AndroidManifest.xml:13:9-15:37
265            android:name="com.google.android.play.billingclient.version"
265-->[:billing-3.0.1:] AndroidManifest.xml:14:13-73
266            android:value="3.0.1" />
266-->[:billing-3.0.1:] AndroidManifest.xml:15:13-34
267
268        <activity
268-->[:billing-3.0.1:] AndroidManifest.xml:17:9-21:75
269            android:name="com.android.billingclient.api.ProxyBillingActivity"
269-->[:billing-3.0.1:] AndroidManifest.xml:18:13-78
270            android:configChanges="keyboard|keyboardHidden|screenLayout|screenSize|orientation"
270-->[:billing-3.0.1:] AndroidManifest.xml:19:13-96
271            android:exported="false"
271-->[:billing-3.0.1:] AndroidManifest.xml:20:13-37
272            android:theme="@android:style/Theme.Translucent.NoTitleBar" />
272-->[:billing-3.0.1:] AndroidManifest.xml:21:13-72
273        <activity
273-->[:com.adcolony.sdk-4.4.1:] AndroidManifest.xml:17:9-20:50
274            android:name="com.adcolony.sdk.AdColonyInterstitialActivity"
274-->[:com.adcolony.sdk-4.4.1:] AndroidManifest.xml:18:13-73
275            android:configChanges="keyboardHidden|orientation|screenSize"
275-->[:com.adcolony.sdk-4.4.1:] AndroidManifest.xml:19:13-74
276            android:exported="false"
276-->[:com.google.ads.mediation.adcolony-4.4.0.0:] AndroidManifest.xml:15:13-37
277            android:hardwareAccelerated="true"
277-->[:com.adcolony.sdk-4.4.1:] AndroidManifest.xml:20:13-47
278            android:theme="@android:style/Theme.Black.NoTitleBar.Fullscreen" />
278-->[:com.yodo1.mas.mediation.adcolony-4.0.5:] AndroidManifest.xml:19:13-77
279        <activity
279-->[:com.adcolony.sdk-4.4.1:] AndroidManifest.xml:21:9-24:50
280            android:name="com.adcolony.sdk.AdColonyAdViewActivity"
280-->[:com.adcolony.sdk-4.4.1:] AndroidManifest.xml:22:13-67
281            android:configChanges="keyboardHidden|orientation|screenSize"
281-->[:com.adcolony.sdk-4.4.1:] AndroidManifest.xml:23:13-74
282            android:hardwareAccelerated="true"
282-->[:com.adcolony.sdk-4.4.1:] AndroidManifest.xml:24:13-47
283            android:theme="@android:style/Theme.Black.NoTitleBar.Fullscreen" />
283-->[:com.yodo1.mas.mediation.adcolony-4.0.5:] AndroidManifest.xml:24:13-77
284        <activity
284-->[:com.applovin.applovin-sdk-9.15.3:] AndroidManifest.xml:15:9-19:50
285            android:name="com.applovin.adview.AppLovinInterstitialActivity"
285-->[:com.applovin.applovin-sdk-9.15.3:] AndroidManifest.xml:16:13-76
286            android:configChanges="orientation|screenSize|smallestScreenSize|screenLayout|uiMode"
286-->[:com.applovin.applovin-sdk-9.15.3:] AndroidManifest.xml:17:13-98
287            android:hardwareAccelerated="true"
287-->[:com.applovin.applovin-sdk-9.15.3:] AndroidManifest.xml:18:13-47
288            android:screenOrientation="behind" />
288-->[:com.applovin.applovin-sdk-9.15.3:] AndroidManifest.xml:19:13-47
289        <activity